TN:
SF:src/auth/auth.controller.ts
FN:33,(anonymous_4)
FN:39,(anonymous_5)
FN:61,(anonymous_6)
FN:73,(anonymous_7)
FN:83,(anonymous_8)
FN:95,(anonymous_9)
FN:105,(anonymous_10)
FN:118,(anonymous_11)
FN:135,(anonymous_12)
FN:157,(anonymous_13)
FNF:10
FNH:10
FNDA:12,(anonymous_4)
FNDA:7,(anonymous_5)
FNDA:1,(anonymous_6)
FNDA:3,(anonymous_7)
FNDA:1,(anonymous_8)
FNDA:2,(anonymous_9)
FNDA:1,(anonymous_10)
FNDA:2,(anonymous_11)
FNDA:1,(anonymous_12)
FNDA:1,(anonymous_13)
DA:1,1
DA:11,1
DA:12,1
DA:13,1
DA:15,1
DA:16,1
DA:18,1
DA:19,1
DA:21,1
DA:22,1
DA:23,1
DA:24,1
DA:25,1
DA:26,1
DA:27,1
DA:32,1
DA:34,12
DA:35,12
DA:40,7
DA:41,7
DA:42,4
DA:44,4
DA:45,4
DA:47,3
DA:51,3
DA:61,1
DA:73,1
DA:74,3
DA:83,1
DA:95,1
DA:96,2
DA:105,1
DA:118,1
DA:119,2
DA:135,1
DA:139,1
DA:157,1
DA:161,1
LF:38
LH:38
BRDA:42,0,0,4
BRDA:42,0,1,1
BRF:2
BRH:2
end_of_record
TN:
SF:src/auth/auth.service.ts
FN:23,(anonymous_2)
FN:28,(anonymous_3)
FN:46,(anonymous_4)
FN:91,(anonymous_5)
FN:109,(anonymous_6)
FNF:5
FNH:5
FNDA:11,(anonymous_2)
FNDA:2,(anonymous_3)
FNDA:4,(anonymous_4)
FNDA:3,(anonymous_5)
FNDA:2,(anonymous_6)
DA:1,2
DA:2,2
DA:3,2
DA:9,2
DA:10,2
DA:11,2
DA:16,2
DA:17,2
DA:19,2
DA:22,2
DA:24,11
DA:25,11
DA:33,2
DA:34,2
DA:35,2
DA:36,2
DA:38,1
DA:42,1
DA:47,4
DA:48,4
DA:49,4
DA:50,1
DA:53,3
DA:58,3
DA:59,3
DA:60,1
DA:61,1
DA:65,2
DA:66,2
DA:67,1
DA:70,1
DA:76,1
DA:78,1
DA:83,3
DA:87,3
DA:92,3
DA:93,3
DA:95,2
DA:96,1
DA:97,1
DA:98,1
DA:99,1
DA:101,2
DA:105,2
DA:110,2
DA:111,2
DA:112,1
DA:113,1
DA:116,2
DA:123,2
DA:124,2
DA:126,2
DA:127,2
DA:129,2
DA:131,2
LF:55
LH:55
BRDA:49,0,0,1
BRDA:59,1,0,1
BRDA:66,2,0,1
BRDA:93,3,0,1
BRDA:111,4,0,1
BRF:5
BRH:5
end_of_record
TN:
SF:src/bookmark/bookmark.controller.ts
FN:22,(anonymous_4)
FN:33,(anonymous_5)
FN:60,(anonymous_6)
FN:87,(anonymous_7)
FN:113,(anonymous_8)
FNF:5
FNH:5
FNDA:4,(anonymous_4)
FNDA:1,(anonymous_5)
FNDA:1,(anonymous_6)
FNDA:1,(anonymous_7)
FNDA:1,(anonymous_8)
DA:1,1
DA:2,1
DA:3,1
DA:4,1
DA:5,1
DA:6,1
DA:7,1
DA:8,1
DA:9,1
DA:10,1
DA:11,1
DA:12,1
DA:14,1
DA:15,1
DA:21,1
DA:22,4
DA:33,1
DA:37,1
DA:60,1
DA:61,1
DA:87,1
DA:91,1
DA:113,1
DA:117,1
LF:24
LH:24
BRF:0
BRH:0
end_of_record
TN:
SF:src/bookmark/bookmark.query.repository.ts
FN:8,(anonymous_4)
FN:13,(anonymous_5)
FN:28,(anonymous_6)
FN:34,(anonymous_7)
FN:40,(anonymous_8)
FN:46,(anonymous_9)
FN:50,(anonymous_10)
FN:54,(anonymous_11)
FN:58,(anonymous_12)
FNF:9
FNH:9
FNDA:9,(anonymous_4)
FNDA:2,(anonymous_5)
FNDA:1,(anonymous_6)
FNDA:1,(anonymous_7)
FNDA:1,(anonymous_8)
FNDA:1,(anonymous_9)
FNDA:1,(anonymous_10)
FNDA:1,(anonymous_11)
FNDA:1,(anonymous_12)
DA:1,7
DA:3,7
DA:5,7
DA:7,7
DA:10,9
DA:14,2
DA:20,2
DA:29,1
DA:35,1
DA:41,1
DA:47,1
DA:51,1
DA:55,1
DA:59,1
LF:14
LH:14
BRDA:17,0,0,1
BRDA:17,0,1,1
BRF:2
BRH:2
end_of_record
TN:
SF:src/bookmark/bookmark.service.ts
FN:20,(anonymous_2)
FN:26,(anonymous_3)
FN:36,(anonymous_4)
FN:44,(anonymous_5)
FN:46,(anonymous_6)
FN:52,(anonymous_7)
FN:68,(anonymous_8)
FN:80,(anonymous_9)
FN:108,(anonymous_10)
FNF:9
FNH:9
FNDA:12,(anonymous_2)
FNDA:3,(anonymous_3)
FNDA:3,(anonymous_4)
FNDA:3,(anonymous_5)
FNDA:4,(anonymous_6)
FNDA:3,(anonymous_7)
FNDA:2,(anonymous_8)
FNDA:4,(anonymous_9)
FNDA:2,(anonymous_10)
DA:1,2
DA:2,2
DA:3,2
DA:4,2
DA:6,2
DA:7,2
DA:8,2
DA:11,2
DA:12,2
DA:13,2
DA:14,2
DA:16,2
DA:19,2
DA:21,12
DA:22,12
DA:23,12
DA:30,3
DA:31,3
DA:32,1
DA:35,2
DA:36,3
DA:39,2
DA:41,2
DA:44,3
DA:46,4
DA:53,3
DA:54,3
DA:55,1
DA:58,2
DA:60,2
DA:68,2
DA:81,4
DA:82,4
DA:83,1
DA:86,3
DA:87,3
DA:88,3
DA:89,3
DA:90,3
DA:91,3
DA:92,3
DA:93,3
DA:94,3
DA:96,3
DA:97,3
DA:98,1
DA:101,2
DA:105,2
DA:109,2
DA:110,2
DA:111,1
DA:114,1
DA:116,1
LF:53
LH:53
BRDA:31,0,0,1
BRDA:39,1,0,1
BRDA:39,1,1,1
BRDA:54,2,0,1
BRDA:82,3,0,1
BRDA:97,4,0,1
BRDA:97,5,0,3
BRDA:97,5,1,2
BRDA:101,6,0,1
BRDA:101,6,1,1
BRDA:110,7,0,1
BRF:11
BRH:11
end_of_record
TN:
SF:src/comment/comment.controller.ts
FN:33,(anonymous_4)
FN:54,(anonymous_5)
FN:81,(anonymous_6)
FN:108,(anonymous_7)
FN:135,(anonymous_8)
FNF:5
FNH:5
FNDA:4,(anonymous_4)
FNDA:1,(anonymous_5)
FNDA:1,(anonymous_6)
FNDA:1,(anonymous_7)
FNDA:1,(anonymous_8)
DA:1,1
DA:13,1
DA:14,1
DA:15,1
DA:16,1
DA:17,1
DA:18,1
DA:19,1
DA:20,1
DA:21,1
DA:22,1
DA:23,1
DA:24,1
DA:25,1
DA:26,1
DA:32,1
DA:33,4
DA:54,1
DA:59,1
DA:81,1
DA:86,1
DA:108,1
DA:113,1
DA:135,1
DA:139,1
LF:25
LH:25
BRF:0
BRH:0
end_of_record
TN:
SF:src/comment/comment.query.repository.ts
FN:7,(anonymous_4)
FN:12,(anonymous_5)
FN:16,(anonymous_6)
FN:22,(anonymous_7)
FNF:4
FNH:4
FNDA:4,(anonymous_4)
FNDA:1,(anonymous_5)
FNDA:1,(anonymous_6)
FNDA:2,(anonymous_7)
DA:1,3
DA:3,3
DA:4,3
DA:6,3
DA:9,4
DA:13,1
DA:17,1
DA:23,2
DA:29,2
LF:9
LH:9
BRDA:26,0,0,1
BRDA:26,0,1,1
BRF:2
BRH:2
end_of_record
TN:
SF:src/comment/comment.service.ts
FN:21,(anonymous_2)
FN:27,(anonymous_3)
FN:40,(anonymous_4)
FN:51,(anonymous_5)
FN:53,(anonymous_6)
FN:55,(anonymous_7)
FN:64,(anonymous_8)
FN:86,(anonymous_9)
FN:102,(anonymous_10)
FNF:9
FNH:9
FNDA:11,(anonymous_2)
FNDA:3,(anonymous_3)
FNDA:3,(anonymous_4)
FNDA:2,(anonymous_5)
FNDA:3,(anonymous_6)
FNDA:7,(anonymous_7)
FNDA:2,(anonymous_8)
FNDA:3,(anonymous_9)
FNDA:3,(anonymous_10)
DA:1,2
DA:2,2
DA:3,2
DA:5,2
DA:9,2
DA:10,2
DA:11,2
DA:12,2
DA:16,2
DA:17,2
DA:20,2
DA:22,11
DA:23,11
DA:24,11
DA:32,3
DA:33,3
DA:34,1
DA:37,2
DA:39,2
DA:40,3
DA:43,2
DA:45,2
DA:51,2
DA:53,3
DA:55,7
DA:69,2
DA:70,2
DA:71,1
DA:74,1
DA:75,1
DA:76,1
DA:77,1
DA:78,1
DA:79,1
DA:80,1
DA:82,1
DA:83,1
DA:91,3
DA:92,3
DA:93,2
DA:96,1
DA:98,1
DA:99,1
DA:103,3
DA:104,3
DA:105,2
DA:108,1
DA:110,1
DA:111,1
LF:49
LH:49
BRDA:33,0,0,1
BRDA:58,1,0,1
BRDA:58,1,1,1
BRDA:70,2,0,1
BRDA:92,3,0,2
BRDA:92,4,0,3
BRDA:92,4,1,2
BRDA:104,5,0,2
BRDA:104,6,0,3
BRDA:104,6,1,2
BRF:10
BRH:10
end_of_record
TN:
SF:src/community/community.controller.ts
FN:38,(anonymous_4)
FN:65,(anonymous_5)
FN:84,(anonymous_6)
FN:102,(anonymous_7)
FN:130,(anonymous_8)
FN:155,(anonymous_9)
FN:184,(anonymous_10)
FNF:7
FNH:7
FNDA:6,(anonymous_4)
FNDA:1,(anonymous_5)
FNDA:1,(anonymous_6)
FNDA:1,(anonymous_7)
FNDA:1,(anonymous_8)
FNDA:1,(anonymous_9)
FNDA:1,(anonymous_10)
DA:1,1
DA:13,1
DA:14,1
DA:15,1
DA:16,1
DA:17,1
DA:18,1
DA:19,1
DA:20,1
DA:23,1
DA:24,1
DA:25,1
DA:26,1
DA:27,1
DA:28,1
DA:29,1
DA:30,1
DA:31,1
DA:32,1
DA:33,1
DA:37,1
DA:38,6
DA:65,1
DA:70,1
DA:84,1
DA:88,1
DA:102,1
DA:106,1
DA:130,1
DA:131,1
DA:155,1
DA:160,1
DA:184,1
DA:188,1
LF:34
LH:34
BRF:0
BRH:0
end_of_record
TN:
SF:src/community/community.query.repository.ts
FN:9,(anonymous_4)
FN:14,(anonymous_5)
FN:18,(anonymous_6)
FN:24,(anonymous_7)
FN:31,(anonymous_8)
FN:37,(anonymous_9)
FN:43,(anonymous_10)
FN:87,(anonymous_11)
FNF:8
FNH:8
FNDA:8,(anonymous_4)
FNDA:1,(anonymous_5)
FNDA:1,(anonymous_6)
FNDA:1,(anonymous_7)
FNDA:1,(anonymous_8)
FNDA:1,(anonymous_9)
FNDA:3,(anonymous_10)
FNDA:7,(anonymous_11)
DA:1,9
DA:2,9
DA:4,9
DA:6,9
DA:8,9
DA:11,8
DA:15,1
DA:19,1
DA:25,1
DA:32,1
DA:38,1
DA:47,3
DA:66,3
DA:67,1
DA:70,3
DA:73,3
DA:75,3
DA:76,2
DA:78,1
DA:83,3
DA:85,3
DA:87,7
DA:93,3
DA:94,3
DA:95,3
DA:102,3
LF:26
LH:26
BRDA:66,0,0,1
BRDA:70,1,0,1
BRDA:70,1,1,2
BRDA:75,2,0,2
BRDA:75,2,1,1
BRDA:94,3,0,1
BRDA:94,3,1,2
BRDA:95,4,0,1
BRDA:95,4,1,2
BRF:9
BRH:9
end_of_record
TN:
SF:src/community/community.service.ts
FN:29,(anonymous_2)
FN:37,(anonymous_3)
FN:66,(anonymous_4)
FN:83,(anonymous_5)
FN:85,(anonymous_6)
FN:91,(anonymous_7)
FN:107,(anonymous_8)
FN:108,(anonymous_9)
FN:114,(anonymous_10)
FN:115,(anonymous_11)
FN:116,(anonymous_12)
FN:132,(anonymous_13)
FN:154,(anonymous_14)
FN:160,(anonymous_15)
FN:163,(anonymous_16)
FN:173,(anonymous_17)
FN:190,(anonymous_18)
FNF:17
FNH:17
FNDA:16,(anonymous_2)
FNDA:3,(anonymous_3)
FNDA:3,(anonymous_4)
FNDA:4,(anonymous_5)
FNDA:4,(anonymous_6)
FNDA:2,(anonymous_7)
FNDA:2,(anonymous_8)
FNDA:2,(anonymous_9)
FNDA:2,(anonymous_10)
FNDA:3,(anonymous_11)
FNDA:3,(anonymous_12)
FNDA:2,(anonymous_13)
FNDA:1,(anonymous_14)
FNDA:1,(anonymous_15)
FNDA:1,(anonymous_16)
FNDA:3,(anonymous_17)
FNDA:3,(anonymous_18)
DA:1,2
DA:2,2
DA:3,2
DA:4,2
DA:5,2
DA:9,2
DA:10,2
DA:11,2
DA:12,2
DA:14,2
DA:16,2
DA:19,2
DA:20,2
DA:21,2
DA:23,2
DA:25,2
DA:28,2
DA:30,16
DA:31,16
DA:32,16
DA:33,16
DA:34,16
DA:42,3
DA:43,3
DA:44,1
DA:47,2
DA:48,2
DA:49,1
DA:52,1
DA:53,1
DA:54,1
DA:55,1
DA:56,1
DA:57,1
DA:58,1
DA:59,1
DA:61,1
DA:63,1
DA:70,3
DA:71,3
DA:72,1
DA:75,2
DA:78,2
DA:80,2
DA:83,4
DA:85,4
DA:95,2
DA:100,2
DA:101,1
DA:104,1
DA:106,1
DA:107,2
DA:108,2
DA:111,1
DA:115,3
DA:116,3
DA:117,2
DA:133,2
DA:134,2
DA:135,1
DA:138,1
DA:146,1
DA:154,1
DA:160,1
DA:163,1
DA:178,3
DA:179,3
DA:180,2
DA:183,1
DA:184,1
DA:185,1
DA:187,1
DA:191,3
DA:192,3
DA:193,2
DA:196,1
DA:197,1
DA:199,1
LF:78
LH:78
BRDA:43,0,0,1
BRDA:48,1,0,1
BRDA:71,2,0,1
BRDA:78,3,0,1
BRDA:78,3,1,1
BRDA:100,4,0,1
BRDA:134,5,0,1
BRDA:179,6,0,2
BRDA:179,7,0,3
BRDA:179,7,1,2
BRDA:192,8,0,2
BRDA:192,9,0,3
BRDA:192,9,1,2
BRF:13
BRH:13
end_of_record
TN:
SF:src/course/course-recommendation.service.ts
FN:28,(anonymous_2)
FN:35,(anonymous_3)
FN:63,(anonymous_4)
FN:64,(anonymous_5)
FN:75,(anonymous_6)
FN:83,(anonymous_7)
FN:104,(anonymous_8)
FN:105,(anonymous_9)
FN:131,(anonymous_10)
FN:142,(anonymous_11)
FN:161,(anonymous_12)
FNF:11
FNH:11
FNDA:13,(anonymous_2)
FNDA:7,(anonymous_3)
FNDA:18,(anonymous_4)
FNDA:51,(anonymous_5)
FNDA:1,(anonymous_6)
FNDA:18,(anonymous_7)
FNDA:15,(anonymous_8)
FNDA:30,(anonymous_9)
FNDA:5,(anonymous_10)
FNDA:6,(anonymous_11)
FNDA:5,(anonymous_12)
DA:1,2
DA:2,2
DA:3,2
DA:4,2
DA:5,2
DA:6,2
DA:7,2
DA:8,2
DA:9,2
DA:10,2
DA:11,2
DA:13,2
DA:15,2
DA:16,2
DA:17,2
DA:21,2
DA:22,2
DA:23,2
DA:27,2
DA:29,13
DA:30,13
DA:31,13
DA:32,13
DA:40,7
DA:43,7
DA:44,1
DA:48,6
DA:54,6
DA:58,6
DA:63,6
DA:64,51
DA:67,18
DA:68,1
DA:69,1
DA:71,1
DA:75,1
DA:77,18
DA:81,6
DA:84,18
DA:85,18
DA:90,18
DA:94,18
DA:95,1
DA:97,17
DA:103,5
DA:104,5
DA:105,30
DA:106,15
DA:109,15
DA:110,15
DA:111,15
DA:112,15
DA:116,5
DA:117,5
DA:124,5
DA:131,5
DA:139,5
DA:147,6
DA:148,6
DA:149,1
DA:154,5
DA:159,5
DA:160,5
DA:161,5
DA:165,5
DA:170,5
DA:171,1
DA:172,1
DA:174,1
DA:181,5
DA:186,5
DA:190,5
DA:191,1
DA:193,4
DA:196,4
DA:207,4
LF:76
LH:76
BRDA:43,0,0,1
BRDA:54,1,0,5
BRDA:54,1,1,1
BRDA:58,2,0,5
BRDA:58,2,1,1
BRDA:67,3,0,1
BRDA:94,4,0,1
BRDA:117,5,0,1
BRDA:117,5,1,4
BRDA:135,6,0,4
BRDA:135,6,1,1
BRDA:148,7,0,1
BRDA:154,8,0,4
BRDA:154,8,1,1
BRDA:165,9,0,4
BRDA:165,9,1,1
BRDA:170,10,0,1
BRDA:190,11,0,1
BRF:18
BRH:18
end_of_record
TN:
SF:src/course/course.controller.ts
FN:28,(anonymous_4)
FN:49,(anonymous_5)
FN:71,(anonymous_6)
FN:89,(anonymous_7)
FN:107,(anonymous_8)
FN:135,(anonymous_9)
FN:162,(anonymous_10)
FNF:7
FNH:7
FNDA:6,(anonymous_4)
FNDA:1,(anonymous_5)
FNDA:1,(anonymous_6)
FNDA:1,(anonymous_7)
FNDA:1,(anonymous_8)
FNDA:1,(anonymous_9)
FNDA:1,(anonymous_10)
DA:1,1
DA:2,1
DA:3,1
DA:4,1
DA:5,1
DA:6,1
DA:7,1
DA:8,1
DA:9,1
DA:11,1
DA:12,1
DA:13,1
DA:14,1
DA:15,1
DA:16,1
DA:17,1
DA:18,1
DA:19,1
DA:20,1
DA:21,1
DA:22,1
DA:23,1
DA:27,1
DA:29,6
DA:30,6
DA:49,1
DA:53,1
DA:71,1
DA:75,1
DA:89,1
DA:93,1
DA:107,1
DA:111,1
DA:135,1
DA:139,1
DA:162,1
DA:163,1
LF:37
LH:37
BRF:0
BRH:0
end_of_record
TN:
SF:src/course/course.query.repository.ts
FN:9,(anonymous_4)
FN:16,(anonymous_5)
FN:20,(anonymous_6)
FN:24,(anonymous_7)
FN:37,(anonymous_8)
FN:43,(anonymous_9)
FN:52,(anonymous_10)
FN:58,(anonymous_11)
FN:64,(anonymous_12)
FNF:9
FNH:9
FNDA:9,(anonymous_4)
FNDA:1,(anonymous_5)
FNDA:1,(anonymous_6)
FNDA:1,(anonymous_7)
FNDA:1,(anonymous_8)
FNDA:1,(anonymous_9)
FNDA:1,(anonymous_10)
FNDA:1,(anonymous_11)
FNDA:2,(anonymous_12)
DA:1,8
DA:3,8
DA:4,8
DA:6,8
DA:8,8
DA:11,9
DA:13,9
DA:17,1
DA:21,1
DA:25,1
DA:26,1
DA:28,1
DA:38,1
DA:44,1
DA:53,1
DA:59,1
DA:68,2
DA:73,2
LF:18
LH:18
BRDA:70,0,0,1
BRDA:70,0,1,1
BRF:2
BRH:2
end_of_record
TN:
SF:src/course/course.service.ts
FN:32,(anonymous_2)
FN:42,(anonymous_3)
FN:68,(anonymous_4)
FN:89,(anonymous_5)
FN:93,(anonymous_6)
FN:115,(anonymous_7)
FN:139,(anonymous_8)
FN:160,(anonymous_9)
FN:177,(anonymous_10)
FN:187,(anonymous_11)
FN:195,(anonymous_12)
FN:197,(anonymous_13)
FN:203,(anonymous_14)
FN:216,(anonymous_15)
FNF:14
FNH:14
FNDA:14,(anonymous_2)
FNDA:5,(anonymous_3)
FNDA:3,(anonymous_4)
FNDA:5,(anonymous_5)
FNDA:3,(anonymous_6)
FNDA:4,(anonymous_7)
FNDA:2,(anonymous_8)
FNDA:3,(anonymous_9)
FNDA:3,(anonymous_10)
FNDA:4,(anonymous_11)
FNDA:4,(anonymous_12)
FNDA:4,(anonymous_13)
FNDA:2,(anonymous_14)
FNDA:1,(anonymous_15)
DA:1,2
DA:2,2
DA:3,2
DA:4,2
DA:5,2
DA:7,2
DA:8,2
DA:9,2
DA:10,2
DA:11,2
DA:12,2
DA:13,2
DA:15,2
DA:16,2
DA:18,2
DA:20,2
DA:21,2
DA:22,2
DA:23,2
DA:24,2
DA:25,2
DA:27,2
DA:28,2
DA:31,2
DA:33,14
DA:34,14
DA:35,14
DA:36,14
DA:37,14
DA:38,14
DA:39,14
DA:46,5
DA:47,5
DA:48,1
DA:51,4
DA:54,4
DA:55,1
DA:58,3
DA:63,3
DA:65,3
DA:68,3
DA:75,3
DA:76,3
DA:77,3
DA:79,3
DA:80,3
DA:81,3
DA:82,3
DA:83,3
DA:84,3
DA:85,3
DA:86,3
DA:87,3
DA:88,3
DA:89,5
DA:91,3
DA:93,2
DA:94,3
DA:95,3
DA:96,3
DA:97,3
DA:98,3
DA:99,3
DA:100,3
DA:103,2
DA:104,2
DA:105,2
DA:107,1
DA:108,1
DA:109,1
DA:111,3
DA:116,4
DA:121,4
DA:128,4
DA:129,1
DA:132,3
DA:133,3
DA:135,3
DA:139,3
DA:140,2
DA:153,3
DA:160,3
DA:181,3
DA:182,3
DA:183,1
DA:186,2
DA:187,4
DA:190,2
DA:192,2
DA:195,4
DA:197,4
DA:204,2
DA:205,2
DA:206,1
DA:209,1
DA:211,1
DA:216,1
LF:97
LH:97
BRDA:47,0,0,1
BRDA:54,1,0,1
BRDA:58,2,0,2
BRDA:58,2,1,1
BRDA:63,3,0,1
BRDA:63,4,0,1
BRDA:63,5,0,2
BRDA:63,5,1,1
BRDA:63,6,0,3
BRDA:63,6,1,2
BRDA:69,7,0,2
BRDA:69,7,1,1
BRDA:69,8,0,3
BRDA:69,8,1,3
BRDA:69,9,0,1
BRDA:69,9,1,2
BRDA:69,10,0,3
BRDA:69,10,1,2
BRDA:88,11,0,2
BRDA:88,11,1,1
BRDA:88,12,0,3
BRDA:88,12,1,3
BRDA:88,13,0,1
BRDA:88,13,1,2
BRDA:88,14,0,3
BRDA:88,14,1,2
BRDA:116,15,0,1
BRDA:116,15,1,3
BRDA:128,16,0,1
BRDA:135,17,0,2
BRDA:135,17,1,1
BRDA:164,18,0,2
BRDA:164,18,1,1
BRDA:182,19,0,1
BRDA:190,20,0,1
BRDA:190,20,1,1
BRDA:197,21,0,0
BRDA:197,21,1,4
BRDA:197,22,0,4
BRDA:197,22,1,4
BRDA:205,23,0,1
BRF:41
BRH:40
end_of_record
TN:
SF:src/notification/notification.controller.ts
FN:21,(anonymous_4)
FN:32,(anonymous_5)
FN:59,(anonymous_6)
FNF:3
FNH:3
FNDA:3,(anonymous_4)
FNDA:1,(anonymous_5)
FNDA:2,(anonymous_6)
DA:1,1
DA:2,1
DA:3,1
DA:4,1
DA:5,1
DA:6,1
DA:7,1
DA:8,1
DA:10,1
DA:11,1
DA:12,1
DA:13,1
DA:14,1
DA:20,1
DA:21,3
DA:32,1
DA:36,1
DA:59,1
DA:63,2
LF:19
LH:19
BRF:0
BRH:0
end_of_record
TN:
SF:src/notification/notification.query.repository.ts
FN:9,(anonymous_4)
FN:14,(anonymous_5)
FN:18,(anonymous_6)
FN:34,(anonymous_7)
FN:40,(anonymous_8)
FNF:5
FNH:5
FNDA:5,(anonymous_4)
FNDA:1,(anonymous_5)
FNDA:2,(anonymous_6)
FNDA:1,(anonymous_7)
FNDA:1,(anonymous_8)
DA:1,4
DA:2,4
DA:6,4
DA:8,4
DA:11,5
DA:15,1
DA:22,2
DA:27,2
DA:35,1
DA:41,1
LF:10
LH:10
BRDA:24,0,0,1
BRDA:24,0,1,1
BRF:2
BRH:2
end_of_record
TN:
SF:src/notification/notification.service.ts
FN:15,(anonymous_2)
FN:20,(anonymous_3)
FN:30,(anonymous_4)
FN:39,(anonymous_5)
FN:41,(anonymous_6)
FN:47,(anonymous_7)
FNF:6
FNH:6
FNDA:6,(anonymous_2)
FNDA:3,(anonymous_3)
FNDA:4,(anonymous_4)
FNDA:4,(anonymous_5)
FNDA:6,(anonymous_6)
FNDA:3,(anonymous_7)
DA:1,2
DA:2,2
DA:3,2
DA:6,2
DA:8,2
DA:9,2
DA:11,2
DA:14,2
DA:16,6
DA:17,6
DA:24,3
DA:25,3
DA:26,1
DA:29,2
DA:30,4
DA:34,2
DA:36,2
DA:39,4
DA:41,6
DA:48,3
DA:49,3
DA:50,2
DA:53,1
DA:55,1
LF:24
LH:24
BRDA:25,0,0,1
BRDA:34,1,0,1
BRDA:34,1,1,1
BRDA:49,2,0,2
BRDA:49,3,0,3
BRDA:49,3,1,2
BRF:6
BRH:6
end_of_record
TN:
SF:src/place/place.controller.ts
FN:23,(anonymous_4)
FN:34,(anonymous_5)
FN:60,(anonymous_6)
FN:75,(anonymous_7)
FN:90,(anonymous_8)
FN:115,(anonymous_9)
FNF:6
FNH:6
FNDA:5,(anonymous_4)
FNDA:1,(anonymous_5)
FNDA:1,(anonymous_6)
FNDA:1,(anonymous_7)
FNDA:1,(anonymous_8)
FNDA:1,(anonymous_9)
DA:1,1
DA:2,1
DA:3,1
DA:4,1
DA:5,1
DA:6,1
DA:7,1
DA:10,1
DA:11,1
DA:12,1
DA:13,1
DA:14,1
DA:15,1
DA:16,1
DA:17,1
DA:18,1
DA:22,1
DA:23,5
DA:34,1
DA:37,1
DA:60,1
DA:63,1
DA:75,1
DA:78,1
DA:90,1
DA:93,1
DA:115,1
DA:116,1
LF:28
LH:28
BRF:0
BRH:0
end_of_record
TN:
SF:src/place/place.query.repository.ts
FN:15,(anonymous_4)
FN:20,(anonymous_5)
FN:33,(anonymous_6)
FN:39,(anonymous_7)
FN:65,(anonymous_8)
FN:91,(anonymous_9)
FN:97,(anonymous_10)
FN:103,(anonymous_11)
FN:116,(anonymous_12)
FN:130,(anonymous_13)
FN:149,(anonymous_14)
FN:160,(anonymous_15)
FN:180,(anonymous_16)
FN:188,(anonymous_17)
FN:199,(anonymous_18)
FNF:15
FNH:15
FNDA:16,(anonymous_4)
FNDA:1,(anonymous_5)
FNDA:1,(anonymous_6)
FNDA:2,(anonymous_7)
FNDA:2,(anonymous_8)
FNDA:1,(anonymous_9)
FNDA:1,(anonymous_10)
FNDA:2,(anonymous_11)
FNDA:1,(anonymous_12)
FNDA:1,(anonymous_13)
FNDA:1,(anonymous_14)
FNDA:1,(anonymous_15)
FNDA:1,(anonymous_16)
FNDA:1,(anonymous_17)
FNDA:1,(anonymous_18)
DA:1,9
DA:2,9
DA:3,9
DA:7,9
DA:12,9
DA:14,9
DA:17,16
DA:21,1
DA:23,1
DA:28,1
DA:29,1
DA:30,1
DA:34,1
DA:40,2
DA:45,2
DA:47,2
DA:48,1
DA:50,1
DA:53,2
DA:54,2
DA:55,2
DA:57,2
DA:66,2
DA:71,2
DA:73,2
DA:74,1
DA:76,1
DA:79,2
DA:80,2
DA:81,2
DA:83,2
DA:92,1
DA:98,1
DA:104,2
DA:105,2
DA:111,2
DA:113,2
DA:120,1
DA:134,1
DA:141,1
DA:142,1
DA:146,1
DA:150,1
DA:164,1
DA:171,1
DA:172,1
DA:177,1
DA:181,1
DA:183,1
DA:189,1
DA:200,1
LF:51
LH:51
BRDA:47,0,0,1
BRDA:47,0,1,1
BRDA:58,1,0,1
BRDA:58,1,1,1
BRDA:59,2,0,1
BRDA:59,2,1,1
BRDA:73,3,0,1
BRDA:73,3,1,1
BRDA:84,4,0,1
BRDA:84,4,1,1
BRDA:85,5,0,1
BRDA:85,5,1,1
BRDA:107,6,0,1
BRDA:107,6,1,1
BRDA:108,7,0,1
BRDA:108,7,1,1
BRDA:111,8,0,1
BRDA:111,8,1,1
BRDA:141,9,0,1
BRDA:171,10,0,1
BRDA:171,11,0,1
BRDA:171,11,1,1
BRDA:171,11,2,1
BRF:23
BRH:23
end_of_record
TN:
SF:src/place/place.service.ts
FN:20,(anonymous_2)
FN:22,(anonymous_3)
FN:37,(anonymous_4)
FN:48,(anonymous_5)
FN:67,(anonymous_6)
FN:86,(anonymous_7)
FNF:6
FNH:6
FNDA:10,(anonymous_2)
FNDA:2,(anonymous_3)
FNDA:2,(anonymous_4)
FNDA:2,(anonymous_5)
FNDA:2,(anonymous_6)
FNDA:2,(anonymous_7)
DA:1,2
DA:2,2
DA:3,2
DA:6,2
DA:8,2
DA:10,2
DA:11,2
DA:13,2
DA:15,2
DA:16,2
DA:19,2
DA:20,10
DA:25,2
DA:26,2
DA:27,1
DA:30,1
DA:38,2
DA:39,2
DA:40,1
DA:43,1
DA:51,2
DA:52,2
DA:53,1
DA:56,1
DA:58,1
DA:70,2
DA:71,2
DA:72,1
DA:75,1
DA:77,1
DA:87,2
DA:88,2
DA:89,1
DA:92,1
LF:34
LH:34
BRDA:26,0,0,1
BRDA:26,1,0,2
BRDA:26,1,1,2
BRDA:39,2,0,1
BRDA:52,3,0,1
BRDA:71,4,0,1
BRDA:88,5,0,1
BRF:7
BRH:7
end_of_record
TN:
SF:src/reaction/reaction.controller.ts
FN:25,(anonymous_4)
FN:53,(anonymous_5)
FN:88,(anonymous_6)
FNF:3
FNH:3
FNDA:2,(anonymous_4)
FNDA:1,(anonymous_5)
FNDA:1,(anonymous_6)
DA:1,1
DA:11,1
DA:12,1
DA:13,1
DA:14,1
DA:15,1
DA:16,1
DA:17,1
DA:18,1
DA:19,1
DA:20,1
DA:24,1
DA:25,2
DA:53,1
DA:58,1
DA:59,1
DA:60,1
DA:88,1
DA:92,1
LF:19
LH:19
BRF:0
BRH:0
end_of_record
TN:
SF:src/reaction/reaction.query.repository.ts
FN:7,(anonymous_4)
FN:12,(anonymous_5)
FN:18,(anonymous_6)
FN:22,(anonymous_7)
FN:26,(anonymous_8)
FN:30,(anonymous_9)
FN:34,(anonymous_10)
FNF:7
FNH:7
FNDA:6,(anonymous_4)
FNDA:1,(anonymous_5)
FNDA:1,(anonymous_6)
FNDA:1,(anonymous_7)
FNDA:1,(anonymous_8)
FNDA:1,(anonymous_9)
FNDA:1,(anonymous_10)
DA:1,5
DA:2,5
DA:4,5
DA:6,5
DA:9,6
DA:13,1
DA:19,1
DA:23,1
DA:27,1
DA:31,1
DA:35,1
LF:11
LH:11
BRF:0
BRH:0
end_of_record
TN:
SF:src/reaction/reaction.service.ts
FN:16,(anonymous_2)
FN:21,(anonymous_3)
FN:61,(anonymous_4)
FNF:3
FNH:3
FNDA:7,(anonymous_2)
FNDA:4,(anonymous_3)
FNDA:3,(anonymous_4)
DA:1,2
DA:2,2
DA:4,2
DA:5,2
DA:6,2
DA:8,2
DA:11,2
DA:15,2
DA:17,7
DA:18,7
DA:25,4
DA:26,4
DA:27,1
DA:29,3
DA:31,3
DA:32,2
DA:33,1
DA:36,1
DA:37,1
DA:38,1
DA:42,1
DA:43,1
DA:44,1
DA:45,1
DA:46,1
DA:47,1
DA:48,1
DA:50,1
DA:58,1
DA:62,3
DA:64,3
DA:65,3
DA:66,1
DA:69,2
DA:70,1
DA:73,1
DA:75,1
LF:37
LH:37
BRDA:26,0,0,1
BRDA:31,1,0,2
BRDA:32,2,0,1
BRDA:36,3,0,1
BRDA:65,4,0,1
BRDA:65,5,0,3
BRDA:65,5,1,2
BRDA:69,6,0,1
BRF:8
BRH:8
end_of_record
TN:
SF:src/search/search.controller.ts
FN:23,(anonymous_4)
FN:36,(anonymous_5)
FN:48,(anonymous_6)
FN:59,(anonymous_7)
FN:80,(anonymous_8)
FN:102,(anonymous_9)
FN:126,(anonymous_10)
FNF:7
FNH:7
FNDA:6,(anonymous_4)
FNDA:1,(anonymous_5)
FNDA:1,(anonymous_6)
FNDA:1,(anonymous_7)
FNDA:1,(anonymous_8)
FNDA:1,(anonymous_9)
FNDA:1,(anonymous_10)
DA:1,1
DA:2,1
DA:3,1
DA:4,1
DA:5,1
DA:6,1
DA:7,1
DA:8,1
DA:11,1
DA:12,1
DA:13,1
DA:15,1
DA:16,1
DA:17,1
DA:18,1
DA:22,1
DA:23,6
DA:36,1
DA:40,1
DA:48,1
DA:49,1
DA:59,1
DA:62,1
DA:80,1
DA:84,1
DA:102,1
DA:103,1
DA:126,1
DA:127,1
LF:29
LH:29
BRF:0
BRH:0
end_of_record
TN:
SF:src/search/search.query.repository.ts
FN:7,(anonymous_4)
FN:12,(anonymous_5)
FN:22,(anonymous_6)
FN:30,(anonymous_7)
FN:34,(anonymous_8)
FN:45,(anonymous_9)
FN:55,(anonymous_10)
FN:59,(anonymous_11)
FN:68,(anonymous_12)
FN:69,(anonymous_13)
FNF:10
FNH:10
FNDA:8,(anonymous_4)
FNDA:1,(anonymous_5)
FNDA:1,(anonymous_6)
FNDA:1,(anonymous_7)
FNDA:1,(anonymous_8)
FNDA:1,(anonymous_9)
FNDA:1,(anonymous_10)
FNDA:1,(anonymous_11)
FNDA:1,(anonymous_12)
FNDA:2,(anonymous_13)
DA:1,3
DA:2,3
DA:4,3
DA:6,3
DA:9,8
DA:13,1
DA:23,1
DA:31,1
DA:35,1
DA:46,1
DA:56,1
DA:60,1
DA:69,2
DA:71,1
LF:14
LH:14
BRF:0
BRH:0
end_of_record
TN:
SF:src/search/search.service.ts
FN:22,(anonymous_2)
FN:27,(anonymous_3)
FN:35,(anonymous_4)
FN:58,(anonymous_5)
FN:63,(anonymous_6)
FN:76,(anonymous_7)
FN:87,(anonymous_8)
FN:99,(anonymous_9)
FNF:8
FNH:8
FNDA:13,(anonymous_2)
FNDA:4,(anonymous_3)
FNDA:1,(anonymous_4)
FNDA:1,(anonymous_5)
FNDA:2,(anonymous_6)
FNDA:2,(anonymous_7)
FNDA:2,(anonymous_8)
FNDA:2,(anonymous_9)
DA:1,2
DA:2,2
DA:3,2
DA:7,2
DA:8,2
DA:11,2
DA:12,2
DA:13,2
DA:15,2
DA:17,2
DA:21,2
DA:23,13
DA:24,13
DA:31,4
DA:35,4
DA:37,4
DA:38,3
DA:39,3
DA:41,1
DA:44,4
DA:45,4
DA:46,2
DA:49,2
DA:53,2
DA:55,2
DA:59,1
DA:60,1
DA:64,2
DA:65,2
DA:66,1
DA:69,1
DA:77,2
DA:78,2
DA:79,1
DA:82,1
DA:84,1
DA:89,2
DA:90,2
DA:91,1
DA:94,1
DA:96,1
DA:100,2
DA:101,2
DA:102,1
DA:105,1
DA:113,1
LF:46
LH:46
BRDA:37,0,0,3
BRDA:37,0,1,1
BRDA:45,1,0,2
BRDA:53,2,0,1
BRDA:53,2,1,1
BRDA:65,3,0,1
BRDA:78,4,0,1
BRDA:90,5,0,1
BRDA:101,6,0,1
BRF:9
BRH:9
end_of_record
TN:
SF:src/subway/subway.controller.ts
FN:15,(anonymous_4)
FN:26,(anonymous_5)
FN:44,(anonymous_6)
FN:65,(anonymous_7)
FNF:4
FNH:4
FNDA:5,(anonymous_4)
FNDA:1,(anonymous_5)
FNDA:2,(anonymous_6)
FNDA:2,(anonymous_7)
DA:1,1
DA:2,1
DA:3,1
DA:4,1
DA:5,1
DA:6,1
DA:7,1
DA:8,1
DA:9,1
DA:10,1
DA:14,1
DA:15,5
DA:26,1
DA:27,1
DA:44,1
DA:47,2
DA:65,1
DA:70,2
LF:18
LH:18
BRF:0
BRH:0
end_of_record
TN:
SF:src/subway/subway.query.repository.ts
FN:9,(anonymous_4)
FN:18,(anonymous_5)
FN:31,(anonymous_6)
FN:51,(anonymous_7)
FN:58,(anonymous_8)
FN:64,(anonymous_9)
FN:70,(anonymous_10)
FN:84,(anonymous_11)
FN:90,(anonymous_12)
FN:96,(anonymous_13)
FNF:10
FNH:10
FNDA:9,(anonymous_4)
FNDA:1,(anonymous_5)
FNDA:1,(anonymous_6)
FNDA:1,(anonymous_7)
FNDA:1,(anonymous_8)
FNDA:1,(anonymous_9)
FNDA:1,(anonymous_10)
FNDA:1,(anonymous_11)
FNDA:1,(anonymous_12)
FNDA:1,(anonymous_13)
DA:1,6
DA:2,6
DA:3,6
DA:4,6
DA:6,6
DA:8,6
DA:11,9
DA:13,9
DA:15,9
DA:19,1
DA:32,1
DA:34,1
DA:52,1
DA:59,1
DA:65,1
DA:77,1
DA:81,1
DA:85,1
DA:91,1
DA:97,1
LF:20
LH:20
BRF:0
BRH:0
end_of_record
TN:
SF:src/subway/subway.service.ts
FN:18,(anonymous_2)
FN:23,(anonymous_3)
FN:41,(anonymous_4)
FN:43,(anonymous_5)
FN:63,(anonymous_6)
FN:72,(anonymous_7)
FN:78,(anonymous_8)
FN:83,(anonymous_9)
FNF:8
FNH:8
FNDA:4,(anonymous_2)
FNDA:1,(anonymous_3)
FNDA:2,(anonymous_4)
FNDA:4,(anonymous_5)
FNDA:2,(anonymous_6)
FNDA:2,(anonymous_7)
FNDA:1,(anonymous_8)
FNDA:2,(anonymous_9)
DA:1,2
DA:2,2
DA:3,2
DA:4,2
DA:5,2
DA:6,2
DA:8,2
DA:9,2
DA:10,2
DA:11,2
DA:13,2
DA:14,2
DA:17,2
DA:19,4
DA:20,4
DA:29,1
DA:34,1
DA:41,1
DA:42,2
DA:43,4
DA:45,2
DA:49,1
DA:60,1
DA:64,2
DA:65,2
DA:66,1
DA:69,1
DA:72,2
DA:79,1
DA:81,1
DA:83,2
LF:31
LH:31
BRDA:65,0,0,1
BRF:1
BRH:1
end_of_record
TN:
SF:src/theme/theme.controller.ts
FN:10,(anonymous_2)
FN:21,(anonymous_3)
FNF:2
FNH:2
FNDA:1,(anonymous_2)
FNDA:1,(anonymous_3)
DA:1,1
DA:2,1
DA:3,1
DA:4,1
DA:5,1
DA:9,1
DA:10,1
DA:21,1
DA:22,1
LF:9
LH:9
BRF:0
BRH:0
end_of_record
TN:
SF:src/theme/theme.query.repository.ts
FN:6,(anonymous_4)
FN:11,(anonymous_5)
FN:15,(anonymous_6)
FN:21,(anonymous_7)
FNF:4
FNH:4
FNDA:3,(anonymous_4)
FNDA:1,(anonymous_5)
FNDA:1,(anonymous_6)
FNDA:1,(anonymous_7)
DA:1,6
DA:2,6
DA:3,6
DA:5,6
DA:8,3
DA:12,1
DA:16,1
DA:22,1
LF:8
LH:8
BRF:0
BRH:0
end_of_record
TN:
SF:src/theme/theme.service.ts
FN:9,(anonymous_2)
FN:11,(anonymous_3)
FNF:2
FNH:2
FNDA:2,(anonymous_2)
FNDA:2,(anonymous_3)
DA:1,2
DA:2,2
DA:4,2
DA:5,2
DA:8,2
DA:9,2
DA:12,2
DA:14,2
DA:18,2
LF:9
LH:9
BRF:0
BRH:0
end_of_record
TN:
SF:src/user/user.controller.ts
FN:19,(anonymous_4)
FN:32,(anonymous_5)
FN:55,(anonymous_6)
FN:74,(anonymous_7)
FNF:4
FNH:4
FNDA:4,(anonymous_4)
FNDA:1,(anonymous_5)
FNDA:1,(anonymous_6)
FNDA:3,(anonymous_7)
DA:1,1
DA:2,1
DA:3,1
DA:4,1
DA:5,1
DA:6,1
DA:7,1
DA:8,1
DA:9,1
DA:10,1
DA:11,1
DA:12,1
DA:13,1
DA:14,1
DA:18,1
DA:19,4
DA:32,1
DA:36,1
DA:55,1
DA:56,1
DA:74,1
DA:75,3
LF:22
LH:22
BRF:0
BRH:0
end_of_record
TN:
SF:src/user/user.query.repository.ts
FN:9,(anonymous_4)
FN:14,(anonymous_5)
FN:20,(anonymous_6)
FN:35,(anonymous_7)
FN:39,(anonymous_8)
FN:45,(anonymous_9)
FN:51,(anonymous_10)
FN:60,(anonymous_11)
FNF:8
FNH:8
FNDA:9,(anonymous_4)
FNDA:1,(anonymous_5)
FNDA:2,(anonymous_6)
FNDA:1,(anonymous_7)
FNDA:1,(anonymous_8)
FNDA:1,(anonymous_9)
FNDA:2,(anonymous_10)
FNDA:1,(anonymous_11)
DA:1,15
DA:3,15
DA:6,15
DA:8,15
DA:11,9
DA:15,1
DA:21,2
DA:26,2
DA:36,1
DA:40,1
DA:46,1
DA:52,2
DA:54,2
DA:55,2
DA:57,2
DA:61,1
LF:16
LH:16
BRDA:23,0,0,1
BRDA:23,0,1,1
BRDA:54,1,0,2
BRDA:55,2,0,1
BRF:4
BRH:4
end_of_record
TN:
SF:src/user/user.service.ts
FN:16,(anonymous_2)
FN:21,(anonymous_3)
FN:40,(anonymous_4)
FN:50,(anonymous_5)
FNF:4
FNH:4
FNDA:5,(anonymous_2)
FNDA:1,(anonymous_3)
FNDA:2,(anonymous_4)
FNDA:3,(anonymous_5)
DA:1,2
DA:2,2
DA:3,2
DA:4,2
DA:6,2
DA:7,2
DA:8,2
DA:9,2
DA:12,2
DA:15,2
DA:17,5
DA:18,5
DA:22,1
DA:23,1
DA:30,1
DA:44,2
DA:45,1
DA:47,2
DA:51,3
DA:52,3
DA:53,2
DA:56,1
LF:22
LH:22
BRDA:44,0,0,1
BRDA:44,1,0,2
BRDA:44,1,1,1
BRDA:52,2,0,2
BRF:4
BRH:4
end_of_record
